# project template (0.1) configured on Sat Oct 26 16:16:03 2019 by
# waf 2.0.14 (abi 20, python 2070cf0 on linux2)
# using ./waf configure
#
----------------------------------------
Setting top to
/home/yin/Desktop/ndn/ndnSIM/scenario
----------------------------------------
Setting out to
/home/yin/Desktop/ndn/ndnSIM/scenario/build
----------------------------------------
Checking for 'gcc' (C compiler)
find program=['gcc', 'cc'] paths=['/home/yin/bin', '/home/yin/.local/bin', '/usr/local/sbin', '/usr/local/bin', '/usr/sbin', '/usr/bin', '/sbin', '/bin', '/usr/games', '/usr/local/games', '/snap/bin'] var='CC' -> ['/usr/bin/gcc']
['/usr/bin/gcc', '-dM', '-E', '-']
out: #define __SSP_STRONG__ 3
#define __DBL_MIN_EXP__ (-1021)
#define __UINT_LEAST16_MAX__ 0xffff
#define __ATOMIC_ACQUIRE 2
#define __FLT_MIN__ 1.17549435082228750797e-38F
#define __GCC_IEC_559_COMPLEX 2
#define __UINT_LEAST8_TYPE__ unsigned char
#define __SIZEOF_FLOAT80__ 16
#define __INTMAX_C(c) c ## L
#define __CHAR_BIT__ 8
#define __UINT8_MAX__ 0xff
#define __WINT_MAX__ 0xffffffffU
#define __ORDER_LITTLE_ENDIAN__ 1234
#define __SIZE_MAX__ 0xffffffffffffffffUL
#define __WCHAR_MAX__ 0x7fffffff
#define __GCC_HAVE_SYNC_COMPARE_AND_SWAP_1 1
#define __GCC_HAVE_SYNC_COMPARE_AND_SWAP_2 1
#define __GCC_HAVE_SYNC_COMPARE_AND_SWAP_4 1
#define __DBL_DENORM_MIN__ ((double)4.94065645841246544177e-324L)
#define __GCC_HAVE_SYNC_COMPARE_AND_SWAP_8 1
#define __GCC_ATOMIC_CHAR_LOCK_FREE 2
#define __GCC_IEC_559 2
#define __FLT_EVAL_METHOD__ 0
#define __unix__ 1
#define __GCC_ATOMIC_CHAR32_T_LOCK_FREE 2
#define __x86_64 1
#define __UINT_FAST64_MAX__ 0xffffffffffffffffUL
#define __SIG_ATOMIC_TYPE__ int
#define __DBL_MIN_10_EXP__ (-307)
#define __FINITE_MATH_ONLY__ 0
#define __GNUC_PATCHLEVEL__ 0
#define __UINT_FAST8_MAX__ 0xff
#define __has_include(STR) __has_include__(STR)
#define __DEC64_MAX_EXP__ 385
#define __INT8_C(c) c
#define __UINT_LEAST64_MAX__ 0xffffffffffffffffUL
#define __SHRT_MAX__ 0x7fff
#define __LDBL_MAX__ 1.18973149535723176502e+4932L
#define __UINT_LEAST8_MAX__ 0xff
#define __GCC_ATOMIC_BOOL_LOCK_FREE 2
#define __UINTMAX_TYPE__ long unsigned int
#define __linux 1
#define __DEC32_EPSILON__ 1E-6DF
#define __unix 1
#define __UINT32_MAX__ 0xffffffffU
#define __LDBL_MAX_EXP__ 16384
#define __WINT_MIN__ 0U
#define __linux__ 1
#define __SCHAR_MAX__ 0x7f
#define __WCHAR_MIN__ (-__WCHAR_MAX__ - 1)
#define __INT64_C(c) c ## L
#define __DBL_DIG__ 15
#define __GCC_ATOMIC_POINTER_LOCK_FREE 2
#define __SIZEOF_INT__ 4
#define __SIZEOF_POINTER__ 8
#define __USER_LABEL_PREFIX__ 
#define __STDC_HOSTED__ 1
#define __LDBL_HAS_INFINITY__ 1
#define __FLT_EPSILON__ 1.19209289550781250000e-7F
#define __LDBL_MIN__ 3.36210314311209350626e-4932L
#define __STDC_UTF_16__ 1
#define __DEC32_MAX__ 9.999999E96DF
#define __INT32_MAX__ 0x7fffffff
#define __SIZEOF_LONG__ 8
#define __STDC_IEC_559__ 1
#define __STDC_ISO_10646__ 201505L
#define __UINT16_C(c) c
#define __DECIMAL_DIG__ 21
#define __gnu_linux__ 1
#define __has_include_next(STR) __has_include_next__(STR)
#define __LDBL_HAS_QUIET_NAN__ 1
#define __GNUC__ 5
#define __MMX__ 1
#define __FLT_HAS_DENORM__ 1
#define __SIZEOF_LONG_DOUBLE__ 16
#define __BIGGEST_ALIGNMENT__ 16
#define __DBL_MAX__ ((double)1.79769313486231570815e+308L)
#define __INT_FAST32_MAX__ 0x7fffffffffffffffL
#define __DBL_HAS_INFINITY__ 1
#define __DEC32_MIN_EXP__ (-94)
#define __INT_FAST16_TYPE__ long int
#define __LDBL_HAS_DENORM__ 1
#define __DEC128_MAX__ 9.999999999999999999999999999999999E6144DL
#define __INT_LEAST32_MAX__ 0x7fffffff
#define __DEC32_MIN__ 1E-95DF
#define __DBL_MAX_EXP__ 1024
#define __DEC128_EPSILON__ 1E-33DL
#define __SSE2_MATH__ 1
#define __ATOMIC_HLE_RELEASE 131072
#define __PTRDIFF_MAX__ 0x7fffffffffffffffL
#define __amd64 1
#define __STDC_NO_THREADS__ 1
#define __ATOMIC_HLE_ACQUIRE 65536
#define __LONG_LONG_MAX__ 0x7fffffffffffffffLL
#define __SIZEOF_SIZE_T__ 8
#define __SIZEOF_WINT_T__ 4
#define __GCC_HAVE_DWARF2_CFI_ASM 1
#define __GXX_ABI_VERSION 1009
#define __FLT_MIN_EXP__ (-125)
#define __INT_FAST64_TYPE__ long int
#define __DBL_MIN__ ((double)2.22507385850720138309e-308L)
#define __LP64__ 1
#define __DECIMAL_BID_FORMAT__ 1
#define __DEC128_MIN__ 1E-6143DL
#define __REGISTER_PREFIX__ 
#define __UINT16_MAX__ 0xffff
#define __DBL_HAS_DENORM__ 1
#define __UINT8_TYPE__ unsigned char
#define __NO_INLINE__ 1
#define __FLT_MANT_DIG__ 24
#define __VERSION__ "5.4.0 20160609"
#define __UINT64_C(c) c ## UL
#define _STDC_PREDEF_H 1
#define __GCC_ATOMIC_INT_LOCK_FREE 2
#define __FLOAT_WORD_ORDER__ __ORDER_LITTLE_ENDIAN__
#define __STDC_IEC_559_COMPLEX__ 1
#define __INT32_C(c) c
#define __DEC64_EPSILON__ 1E-15DD
#define __ORDER_PDP_ENDIAN__ 3412
#define __DEC128_MIN_EXP__ (-6142)
#define __INT_FAST32_TYPE__ long int
#define __UINT_LEAST16_TYPE__ short unsigned int
#define unix 1
#define __INT16_MAX__ 0x7fff
#define __SIZE_TYPE__ long unsigned int
#define __UINT64_MAX__ 0xffffffffffffffffUL
#define __INT8_TYPE__ signed char
#define __ELF__ 1
#define __FLT_RADIX__ 2
#define __INT_LEAST16_TYPE__ short int
#define __LDBL_EPSILON__ 1.08420217248550443401e-19L
#define __UINTMAX_C(c) c ## UL
#define __SSE_MATH__ 1
#define __k8 1
#define __SIG_ATOMIC_MAX__ 0x7fffffff
#define __GCC_ATOMIC_WCHAR_T_LOCK_FREE 2
#define __SIZEOF_PTRDIFF_T__ 8
#define __x86_64__ 1
#define __DEC32_SUBNORMAL_MIN__ 0.000001E-95DF
#define __INT_FAST16_MAX__ 0x7fffffffffffffffL
#define __UINT_FAST32_MAX__ 0xffffffffffffffffUL
#define __UINT_LEAST64_TYPE__ long unsigned int
#define __FLT_HAS_QUIET_NAN__ 1
#define __FLT_MAX_10_EXP__ 38
#define __LONG_MAX__ 0x7fffffffffffffffL
#define __DEC128_SUBNORMAL_MIN__ 0.000000000000000000000000000000001E-6143DL
#define __FLT_HAS_INFINITY__ 1
#define __UINT_FAST16_TYPE__ long unsigned int
#define __DEC64_MAX__ 9.999999999999999E384DD
#define __CHAR16_TYPE__ short unsigned int
#define __PRAGMA_REDEFINE_EXTNAME 1
#define __INT_LEAST16_MAX__ 0x7fff
#define __DEC64_MANT_DIG__ 16
#define __INT64_MAX__ 0x7fffffffffffffffL
#define __UINT_LEAST32_MAX__ 0xffffffffU
#define __GCC_ATOMIC_LONG_LOCK_FREE 2
#define __INT_LEAST64_TYPE__ long int
#define __INT16_TYPE__ short int
#define __INT_LEAST8_TYPE__ signed char
#define __STDC_VERSION__ 201112L
#define __DEC32_MAX_EXP__ 97
#define __INT_FAST8_MAX__ 0x7f
#define __INTPTR_MAX__ 0x7fffffffffffffffL
#define linux 1
#define __SSE2__ 1
#define __LDBL_MANT_DIG__ 64
#define __DBL_HAS_QUIET_NAN__ 1
#define __SIG_ATOMIC_MIN__ (-__SIG_ATOMIC_MAX__ - 1)
#define __code_model_small__ 1
#define __k8__ 1
#define __INTPTR_TYPE__ long int
#define __UINT16_TYPE__ short unsigned int
#define __WCHAR_TYPE__ int
#define __SIZEOF_FLOAT__ 4
#define __UINTPTR_MAX__ 0xffffffffffffffffUL
#define __DEC64_MIN_EXP__ (-382)
#define __INT_FAST64_MAX__ 0x7fffffffffffffffL
#define __GCC_ATOMIC_TEST_AND_SET_TRUEVAL 1
#define __FLT_DIG__ 6
#define __UINT_FAST64_TYPE__ long unsigned int
#define __INT_MAX__ 0x7fffffff
#define __amd64__ 1
#define __INT64_TYPE__ long int
#define __FLT_MAX_EXP__ 128
#define __ORDER_BIG_ENDIAN__ 4321
#define __DBL_MANT_DIG__ 53
#define __SIZEOF_FLOAT128__ 16
#define __INT_LEAST64_MAX__ 0x7fffffffffffffffL
#define __GCC_ATOMIC_CHAR16_T_LOCK_FREE 2
#define __DEC64_MIN__ 1E-383DD
#define __WINT_TYPE__ unsigned int
#define __UINT_LEAST32_TYPE__ unsigned int
#define __SIZEOF_SHORT__ 2
#define __SSE__ 1
#define __LDBL_MIN_EXP__ (-16381)
#define __INT_LEAST8_MAX__ 0x7f
#define __SIZEOF_INT128__ 16
#define __LDBL_MAX_10_EXP__ 4932
#define __ATOMIC_RELAXED 0
#define __DBL_EPSILON__ ((double)2.22044604925031308085e-16L)
#define _LP64 1
#define __UINT8_C(c) c
#define __INT_LEAST32_TYPE__ int
#define __SIZEOF_WCHAR_T__ 4
#define __UINT64_TYPE__ long unsigned int
#define __INT_FAST8_TYPE__ signed char
#define __GNUC_STDC_INLINE__ 1
#define __DBL_DECIMAL_DIG__ 17
#define __STDC_UTF_32__ 1
#define __FXSR__ 1
#define __DEC_EVAL_METHOD__ 2
#define __UINT32_C(c) c ## U
#define __INTMAX_MAX__ 0x7fffffffffffffffL
#define __BYTE_ORDER__ __ORDER_LITTLE_ENDIAN__
#define __FLT_DENORM_MIN__ 1.40129846432481707092e-45F
#define __INT8_MAX__ 0x7f
#define __UINT_FAST32_TYPE__ long unsigned int
#define __CHAR32_TYPE__ unsigned int
#define __FLT_MAX__ 3.40282346638528859812e+38F
#define __INT32_TYPE__ int
#define __SIZEOF_DOUBLE__ 8
#define __FLT_MIN_10_EXP__ (-37)
#define __INTMAX_TYPE__ long int
#define __DEC128_MAX_EXP__ 6145
#define __ATOMIC_CONSUME 1
#define __GNUC_MINOR__ 4
#define __UINTMAX_MAX__ 0xffffffffffffffffUL
#define __DEC32_MANT_DIG__ 7
#define __DBL_MAX_10_EXP__ 308
#define __LDBL_DENORM_MIN__ 3.64519953188247460253e-4951L
#define __INT16_C(c) c
#define __STDC__ 1
#define __PTRDIFF_TYPE__ long int
#define __ATOMIC_SEQ_CST 5
#define __UINT32_TYPE__ unsigned int
#define __UINTPTR_TYPE__ long unsigned int
#define __DEC64_SUBNORMAL_MIN__ 0.000000000000001E-383DD
#define __DEC128_MANT_DIG__ 34
#define __LDBL_MIN_10_EXP__ (-4931)
#define __SIZEOF_LONG_LONG__ 8
#define __GCC_ATOMIC_LLONG_LOCK_FREE 2
#define __LDBL_DIG__ 18
#define __FLT_DECIMAL_DIG__ 9
#define __UINT_FAST16_MAX__ 0xffffffffffffffffUL
#define __GCC_ATOMIC_SHORT_LOCK_FREE 2
#define __UINT_FAST8_TYPE__ unsigned char
#define __ATOMIC_ACQ_REL 4
#define __ATOMIC_RELEASE 3

find program=['ar'] paths=['/home/yin/bin', '/home/yin/.local/bin', '/usr/local/sbin', '/usr/local/bin', '/usr/sbin', '/usr/bin', '/sbin', '/bin', '/usr/games', '/usr/local/games', '/snap/bin'] var='AR' -> ['/usr/bin/ar']
/usr/bin/gcc
----------------------------------------
Checking for 'g++' (C++ compiler)
find program=['g++', 'c++'] paths=['/home/yin/bin', '/home/yin/.local/bin', '/usr/local/sbin', '/usr/local/bin', '/usr/sbin', '/usr/bin', '/sbin', '/bin', '/usr/games', '/usr/local/games', '/snap/bin'] var='CXX' -> ['/usr/bin/g++']
['/usr/bin/g++', '-dM', '-E', '-']
out: #define __SSP_STRONG__ 3
#define __DBL_MIN_EXP__ (-1021)
#define __UINT_LEAST16_MAX__ 0xffff
#define __ATOMIC_ACQUIRE 2
#define __FLT_MIN__ 1.17549435082228750797e-38F
#define __GCC_IEC_559_COMPLEX 2
#define __UINT_LEAST8_TYPE__ unsigned char
#define __SIZEOF_FLOAT80__ 16
#define __INTMAX_C(c) c ## L
#define __CHAR_BIT__ 8
#define __UINT8_MAX__ 0xff
#define __WINT_MAX__ 0xffffffffU
#define __ORDER_LITTLE_ENDIAN__ 1234
#define __SIZE_MAX__ 0xffffffffffffffffUL
#define __WCHAR_MAX__ 0x7fffffff
#define __GCC_HAVE_SYNC_COMPARE_AND_SWAP_1 1
#define __GCC_HAVE_SYNC_COMPARE_AND_SWAP_2 1
#define __GCC_HAVE_SYNC_COMPARE_AND_SWAP_4 1
#define __DBL_DENORM_MIN__ ((double)4.94065645841246544177e-324L)
#define __GCC_HAVE_SYNC_COMPARE_AND_SWAP_8 1
#define __GCC_ATOMIC_CHAR_LOCK_FREE 2
#define __GCC_IEC_559 2
#define __FLT_EVAL_METHOD__ 0
#define __unix__ 1
#define __GCC_ATOMIC_CHAR32_T_LOCK_FREE 2
#define __x86_64 1
#define __UINT_FAST64_MAX__ 0xffffffffffffffffUL
#define __SIG_ATOMIC_TYPE__ int
#define __DBL_MIN_10_EXP__ (-307)
#define __FINITE_MATH_ONLY__ 0
#define __GNUC_PATCHLEVEL__ 0
#define __UINT_FAST8_MAX__ 0xff
#define __has_include(STR) __has_include__(STR)
#define __DEC64_MAX_EXP__ 385
#define __INT8_C(c) c
#define __UINT_LEAST64_MAX__ 0xffffffffffffffffUL
#define __SHRT_MAX__ 0x7fff
#define __LDBL_MAX__ 1.18973149535723176502e+4932L
#define __UINT_LEAST8_MAX__ 0xff
#define __GCC_ATOMIC_BOOL_LOCK_FREE 2
#define __UINTMAX_TYPE__ long unsigned int
#define __linux 1
#define __DEC32_EPSILON__ 1E-6DF
#define __unix 1
#define __UINT32_MAX__ 0xffffffffU
#define __LDBL_MAX_EXP__ 16384
#define __WINT_MIN__ 0U
#define __linux__ 1
#define __SCHAR_MAX__ 0x7f
#define __WCHAR_MIN__ (-__WCHAR_MAX__ - 1)
#define __INT64_C(c) c ## L
#define __DBL_DIG__ 15
#define __GCC_ATOMIC_POINTER_LOCK_FREE 2
#define __SIZEOF_INT__ 4
#define __SIZEOF_POINTER__ 8
#define __USER_LABEL_PREFIX__ 
#define __STDC_HOSTED__ 1
#define __LDBL_HAS_INFINITY__ 1
#define __FLT_EPSILON__ 1.19209289550781250000e-7F
#define __LDBL_MIN__ 3.36210314311209350626e-4932L
#define __STDC_UTF_16__ 1
#define __DEC32_MAX__ 9.999999E96DF
#define __INT32_MAX__ 0x7fffffff
#define __SIZEOF_LONG__ 8
#define __STDC_IEC_559__ 1
#define __STDC_ISO_10646__ 201505L
#define __UINT16_C(c) c
#define __DECIMAL_DIG__ 21
#define __gnu_linux__ 1
#define __has_include_next(STR) __has_include_next__(STR)
#define __LDBL_HAS_QUIET_NAN__ 1
#define __GNUC__ 5
#define __MMX__ 1
#define __FLT_HAS_DENORM__ 1
#define __SIZEOF_LONG_DOUBLE__ 16
#define __BIGGEST_ALIGNMENT__ 16
#define __DBL_MAX__ ((double)1.79769313486231570815e+308L)
#define __INT_FAST32_MAX__ 0x7fffffffffffffffL
#define __DBL_HAS_INFINITY__ 1
#define __DEC32_MIN_EXP__ (-94)
#define __INT_FAST16_TYPE__ long int
#define __LDBL_HAS_DENORM__ 1
#define __DEC128_MAX__ 9.999999999999999999999999999999999E6144DL
#define __INT_LEAST32_MAX__ 0x7fffffff
#define __DEC32_MIN__ 1E-95DF
#define __DBL_MAX_EXP__ 1024
#define __DEC128_EPSILON__ 1E-33DL
#define __SSE2_MATH__ 1
#define __ATOMIC_HLE_RELEASE 131072
#define __PTRDIFF_MAX__ 0x7fffffffffffffffL
#define __amd64 1
#define __STDC_NO_THREADS__ 1
#define __ATOMIC_HLE_ACQUIRE 65536
#define __LONG_LONG_MAX__ 0x7fffffffffffffffLL
#define __SIZEOF_SIZE_T__ 8
#define __SIZEOF_WINT_T__ 4
#define __GCC_HAVE_DWARF2_CFI_ASM 1
#define __GXX_ABI_VERSION 1009
#define __FLT_MIN_EXP__ (-125)
#define __INT_FAST64_TYPE__ long int
#define __DBL_MIN__ ((double)2.22507385850720138309e-308L)
#define __LP64__ 1
#define __DECIMAL_BID_FORMAT__ 1
#define __DEC128_MIN__ 1E-6143DL
#define __REGISTER_PREFIX__ 
#define __UINT16_MAX__ 0xffff
#define __DBL_HAS_DENORM__ 1
#define __UINT8_TYPE__ unsigned char
#define __NO_INLINE__ 1
#define __FLT_MANT_DIG__ 24
#define __VERSION__ "5.4.0 20160609"
#define __UINT64_C(c) c ## UL
#define _STDC_PREDEF_H 1
#define __GCC_ATOMIC_INT_LOCK_FREE 2
#define __FLOAT_WORD_ORDER__ __ORDER_LITTLE_ENDIAN__
#define __STDC_IEC_559_COMPLEX__ 1
#define __INT32_C(c) c
#define __DEC64_EPSILON__ 1E-15DD
#define __ORDER_PDP_ENDIAN__ 3412
#define __DEC128_MIN_EXP__ (-6142)
#define __INT_FAST32_TYPE__ long int
#define __UINT_LEAST16_TYPE__ short unsigned int
#define unix 1
#define __INT16_MAX__ 0x7fff
#define __SIZE_TYPE__ long unsigned int
#define __UINT64_MAX__ 0xffffffffffffffffUL
#define __INT8_TYPE__ signed char
#define __ELF__ 1
#define __FLT_RADIX__ 2
#define __INT_LEAST16_TYPE__ short int
#define __LDBL_EPSILON__ 1.08420217248550443401e-19L
#define __UINTMAX_C(c) c ## UL
#define __SSE_MATH__ 1
#define __k8 1
#define __SIG_ATOMIC_MAX__ 0x7fffffff
#define __GCC_ATOMIC_WCHAR_T_LOCK_FREE 2
#define __SIZEOF_PTRDIFF_T__ 8
#define __x86_64__ 1
#define __DEC32_SUBNORMAL_MIN__ 0.000001E-95DF
#define __INT_FAST16_MAX__ 0x7fffffffffffffffL
#define __UINT_FAST32_MAX__ 0xffffffffffffffffUL
#define __UINT_LEAST64_TYPE__ long unsigned int
#define __FLT_HAS_QUIET_NAN__ 1
#define __FLT_MAX_10_EXP__ 38
#define __LONG_MAX__ 0x7fffffffffffffffL
#define __DEC128_SUBNORMAL_MIN__ 0.000000000000000000000000000000001E-6143DL
#define __FLT_HAS_INFINITY__ 1
#define __UINT_FAST16_TYPE__ long unsigned int
#define __DEC64_MAX__ 9.999999999999999E384DD
#define __CHAR16_TYPE__ short unsigned int
#define __PRAGMA_REDEFINE_EXTNAME 1
#define __INT_LEAST16_MAX__ 0x7fff
#define __DEC64_MANT_DIG__ 16
#define __INT64_MAX__ 0x7fffffffffffffffL
#define __UINT_LEAST32_MAX__ 0xffffffffU
#define __GCC_ATOMIC_LONG_LOCK_FREE 2
#define __INT_LEAST64_TYPE__ long int
#define __INT16_TYPE__ short int
#define __INT_LEAST8_TYPE__ signed char
#define __STDC_VERSION__ 201112L
#define __DEC32_MAX_EXP__ 97
#define __INT_FAST8_MAX__ 0x7f
#define __INTPTR_MAX__ 0x7fffffffffffffffL
#define linux 1
#define __SSE2__ 1
#define __LDBL_MANT_DIG__ 64
#define __DBL_HAS_QUIET_NAN__ 1
#define __SIG_ATOMIC_MIN__ (-__SIG_ATOMIC_MAX__ - 1)
#define __code_model_small__ 1
#define __k8__ 1
#define __INTPTR_TYPE__ long int
#define __UINT16_TYPE__ short unsigned int
#define __WCHAR_TYPE__ int
#define __SIZEOF_FLOAT__ 4
#define __UINTPTR_MAX__ 0xffffffffffffffffUL
#define __DEC64_MIN_EXP__ (-382)
#define __INT_FAST64_MAX__ 0x7fffffffffffffffL
#define __GCC_ATOMIC_TEST_AND_SET_TRUEVAL 1
#define __FLT_DIG__ 6
#define __UINT_FAST64_TYPE__ long unsigned int
#define __INT_MAX__ 0x7fffffff
#define __amd64__ 1
#define __INT64_TYPE__ long int
#define __FLT_MAX_EXP__ 128
#define __ORDER_BIG_ENDIAN__ 4321
#define __DBL_MANT_DIG__ 53
#define __SIZEOF_FLOAT128__ 16
#define __INT_LEAST64_MAX__ 0x7fffffffffffffffL
#define __GCC_ATOMIC_CHAR16_T_LOCK_FREE 2
#define __DEC64_MIN__ 1E-383DD
#define __WINT_TYPE__ unsigned int
#define __UINT_LEAST32_TYPE__ unsigned int
#define __SIZEOF_SHORT__ 2
#define __SSE__ 1
#define __LDBL_MIN_EXP__ (-16381)
#define __INT_LEAST8_MAX__ 0x7f
#define __SIZEOF_INT128__ 16
#define __LDBL_MAX_10_EXP__ 4932
#define __ATOMIC_RELAXED 0
#define __DBL_EPSILON__ ((double)2.22044604925031308085e-16L)
#define _LP64 1
#define __UINT8_C(c) c
#define __INT_LEAST32_TYPE__ int
#define __SIZEOF_WCHAR_T__ 4
#define __UINT64_TYPE__ long unsigned int
#define __INT_FAST8_TYPE__ signed char
#define __GNUC_STDC_INLINE__ 1
#define __DBL_DECIMAL_DIG__ 17
#define __STDC_UTF_32__ 1
#define __FXSR__ 1
#define __DEC_EVAL_METHOD__ 2
#define __UINT32_C(c) c ## U
#define __INTMAX_MAX__ 0x7fffffffffffffffL
#define __BYTE_ORDER__ __ORDER_LITTLE_ENDIAN__
#define __FLT_DENORM_MIN__ 1.40129846432481707092e-45F
#define __INT8_MAX__ 0x7f
#define __UINT_FAST32_TYPE__ long unsigned int
#define __CHAR32_TYPE__ unsigned int
#define __FLT_MAX__ 3.40282346638528859812e+38F
#define __INT32_TYPE__ int
#define __SIZEOF_DOUBLE__ 8
#define __FLT_MIN_10_EXP__ (-37)
#define __INTMAX_TYPE__ long int
#define __DEC128_MAX_EXP__ 6145
#define __ATOMIC_CONSUME 1
#define __GNUC_MINOR__ 4
#define __UINTMAX_MAX__ 0xffffffffffffffffUL
#define __DEC32_MANT_DIG__ 7
#define __DBL_MAX_10_EXP__ 308
#define __LDBL_DENORM_MIN__ 3.64519953188247460253e-4951L
#define __INT16_C(c) c
#define __STDC__ 1
#define __PTRDIFF_TYPE__ long int
#define __ATOMIC_SEQ_CST 5
#define __UINT32_TYPE__ unsigned int
#define __UINTPTR_TYPE__ long unsigned int
#define __DEC64_SUBNORMAL_MIN__ 0.000000000000001E-383DD
#define __DEC128_MANT_DIG__ 34
#define __LDBL_MIN_10_EXP__ (-4931)
#define __SIZEOF_LONG_LONG__ 8
#define __GCC_ATOMIC_LLONG_LOCK_FREE 2
#define __LDBL_DIG__ 18
#define __FLT_DECIMAL_DIG__ 9
#define __UINT_FAST16_MAX__ 0xffffffffffffffffUL
#define __GCC_ATOMIC_SHORT_LOCK_FREE 2
#define __UINT_FAST8_TYPE__ unsigned char
#define __ATOMIC_ACQ_REL 4
#define __ATOMIC_RELEASE 3

find program=['ar'] paths=['/home/yin/bin', '/home/yin/.local/bin', '/usr/local/sbin', '/usr/local/bin', '/usr/sbin', '/usr/bin', '/sbin', '/bin', '/usr/games', '/usr/local/games', '/snap/bin'] var='AR' -> ['/usr/bin/ar']
/usr/bin/g++
----------------------------------------
Checking C++ compiler version
5.4.0
----------------------------------------
Checking supported CXXFLAGS
==>

int main(int argc, char **argv) {
	(void)argc; (void)argv;
	return 0;
}

<==
[1/2] Compiling [32mbuild/.conf_check_168b60da349cf7929ac7816a13f6ef53/test.cpp[0m

['/usr/bin/g++', '-Werror', '-std=c++14', '../test.cpp', '-c', '-o/home/yin/Desktop/ndn/ndnSIM/scenario/build/.conf_check_168b60da349cf7929ac7816a13f6ef53/testbuild/test.cpp.1.o']
[2/2] Linking [33mbuild/.conf_check_168b60da349cf7929ac7816a13f6ef53/testbuild/testprog[0m

['/usr/bin/g++', 'test.cpp.1.o', '-o/home/yin/Desktop/ndn/ndnSIM/scenario/build/.conf_check_168b60da349cf7929ac7816a13f6ef53/testbuild/testprog', '-Wl,-Bstatic', '-Wl,-Bdynamic']
-std=c++14
----------------------------------------
Checking supported LINKFLAGS
==>

int main(int argc, char **argv) {
	(void)argc; (void)argv;
	return 0;
}

<==
[1/2] Compiling [32mbuild/.conf_check_fe5722caa660f035f8281ac4707f1d16/test.cpp[0m

['/usr/bin/g++', '-std=c++14', '../test.cpp', '-c', '-o/home/yin/Desktop/ndn/ndnSIM/scenario/build/.conf_check_fe5722caa660f035f8281ac4707f1d16/testbuild/test.cpp.1.o']
[2/2] Linking [33mbuild/.conf_check_fe5722caa660f035f8281ac4707f1d16/testbuild/testprog[0m

['/usr/bin/g++', '-Werror', '-fuse-ld=gold', 'test.cpp.1.o', '-o/home/yin/Desktop/ndn/ndnSIM/scenario/build/.conf_check_fe5722caa660f035f8281ac4707f1d16/testbuild/testprog', '-Wl,-Bstatic', '-Wl,-Bdynamic']
-fuse-ld=gold
----------------------------------------
Checking for program 'pkg-config'
/usr/bin/pkg-config
find program=['pkg-config'] paths=['/home/yin/bin', '/home/yin/.local/bin', '/usr/local/sbin', '/usr/local/bin', '/usr/sbin', '/usr/bin', '/sbin', '/bin', '/usr/games', '/usr/local/games', '/snap/bin'] var='PKGCONFIG' -> ['/usr/bin/pkg-config']
------------------------------------------
Checking for pkg-config version >= '0.0.0'
['/usr/bin/pkg-config', '--atleast-pkgconfig-version=0.0.0']
yes
------------------------------------------
Checking for ns3-core
['/usr/bin/pkg-config', '--cflags', '--libs', 'libns3-dev-core-optimized']
out: -pthread -I/usr/local/include/ns3-dev -L/usr/local/lib -Wl,-Bdynamic -lns3-dev-core-optimized -lrt -lpthread

yes
------------------------------------------
Checking for ns3-network
['/usr/bin/pkg-config', '--cflags', '--libs', 'libns3-dev-network-optimized']
out: -DHAVE_SQLITE3=1 -pthread -I/usr/local/include/ns3-dev -L/usr/local/lib -Wl,-Bdynamic -lns3-dev-network-optimized -Wl,-Bdynamic -lns3-dev-stats-optimized -lsqlite3 -Wl,-Bdynamic -lns3-dev-core-optimized -lrt -lpthread

yes
------------------------------------------
Checking for ns3-point-to-point
['/usr/bin/pkg-config', '--cflags', '--libs', 'libns3-dev-point-to-point-optimized']
out: -DHAVE_SQLITE3=1 -pthread -I/usr/local/include/ns3-dev -L/usr/local/lib -Wl,-Bdynamic -lns3-dev-point-to-point-optimized -Wl,-Bdynamic -lns3-dev-mpi-optimized -Wl,-Bdynamic -lns3-dev-network-optimized -Wl,-Bdynamic -lns3-dev-stats-optimized -lsqlite3 -Wl,-Bdynamic -lns3-dev-core-optimized -lrt -lpthread

yes
------------------------------------------
Checking for ns3-applications
['/usr/bin/pkg-config', '--cflags', '--libs', 'libns3-dev-applications-optimized']
out: -pthread -DHAVE_GTK2=1 -DHAVE_SQLITE3=1 -pthread -I/usr/local/include/ns3-dev -I/usr/include/gtk-2.0 -I/usr/lib/x86_64-linux-gnu/gtk-2.0/include -I/usr/include/gio-unix-2.0/ -I/usr/include/cairo -I/usr/include/pango-1.0 -I/usr/include/atk-1.0 -I/usr/include/pixman-1 -I/usr/include/libpng12 -I/usr/include/gdk-pixbuf-2.0 -I/usr/include/harfbuzz -I/usr/include/glib-2.0 -I/usr/lib/x86_64-linux-gnu/glib-2.0/include -I/usr/include/freetype2 -I/usr/local/include/ns3-dev -L/usr/local/lib -Wl,-Bdynamic -lns3-dev-applications-optimized -Wl,-Bdynamic -lns3-dev-internet-optimized -Wl,-Bdynamic -lns3-dev-bridge-optimized -Wl,-Bdynamic -lns3-dev-mpi-optimized -Wl,-Bdynamic -lns3-dev-traffic-control-optimized -Wl,-Bdynamic -lns3-dev-config-store-optimized -lgtk-x11-2.0 -lgdk-x11-2.0 -lpangocairo-1.0 -latk-1.0 -lcairo -lgdk_pixbuf-2.0 -lgio-2.0 -lpangoft2-1.0 -lpango-1.0 -lgobject-2.0 -lglib-2.0 -lfontconfig -lfreetype -Wl,-Bdynamic -lns3-dev-network-optimized -Wl,-Bdynamic -lns3-dev-stats-optimized -lsqlite3 -Wl,-Bdynamic -lns3-dev-core-optimized -lrt -lpthread

yes
------------------------------------------
Checking for ns3-mobility
['/usr/bin/pkg-config', '--cflags', '--libs', 'libns3-dev-mobility-optimized']
out: -DHAVE_SQLITE3=1 -pthread -I/usr/local/include/ns3-dev -L/usr/local/lib -Wl,-Bdynamic -lns3-dev-mobility-optimized -Wl,-Bdynamic -lns3-dev-network-optimized -Wl,-Bdynamic -lns3-dev-stats-optimized -lsqlite3 -Wl,-Bdynamic -lns3-dev-core-optimized -lrt -lpthread

yes
------------------------------------------
Checking for ns3-ndnSIM
['/usr/bin/pkg-config', '--cflags', '--libs', 'libns3-dev-ndnSIM-optimized']
out: -DHAVE_SQLITE3=1 -pthread -DHAVE_SQLITE3=1 -pthread -I/usr/local/include/ns3-dev -I/home/yin/Desktop/ndn/ndnSIM/ns-3/build/ns3/ndnSIM/NFD -I/home/yin/Desktop/ndn/ndnSIM/ns-3/ns3/ndnSIM/NFD -I/home/yin/Desktop/ndn/ndnSIM/ns-3/build/src/ndnSIM/NFD/core -I/home/yin/Desktop/ndn/ndnSIM/ns-3/src/ndnSIM/NFD/core -I/home/yin/Desktop/ndn/ndnSIM/ns-3/build/src/ndnSIM/NFD/daemon -I/home/yin/Desktop/ndn/ndnSIM/ns-3/src/ndnSIM/NFD/daemon -I/home/yin/Desktop/ndn/ndnSIM/ns-3/build/src/ndnSIM/NFD/rib -I/home/yin/Desktop/ndn/ndnSIM/ns-3/src/ndnSIM/NFD/rib -I/home/yin/Desktop/ndn/ndnSIM/ns-3/build/ns3/ndnSIM -I/home/yin/Desktop/ndn/ndnSIM/ns-3/ns3/ndnSIM -I/usr/local/include/ns3-dev -L/usr/local/lib -Wl,-Bdynamic -lns3-dev-ndnSIM-optimized -lboost_graph -lboost_thread -lboost_unit_test_framework -lboost_system -lboost_random -lboost_date_time -lboost_iostreams -lboost_regex -lboost_program_options -lboost_chrono -lboost_filesystem -lboost_system -lboost_signals -lboost_filesystem -lsqlite3 -lrt -lpthread -lssl -lcrypto -Wl,-Bdynamic -lns3-dev-topology-read-optimized -Wl,-Bdynamic -lns3-dev-visualizer-optimized -Wl,-Bdynamic -lns3-dev-internet-optimized -Wl,-Bdynamic -lns3-dev-bridge-optimized -Wl,-Bdynamic -lns3-dev-traffic-control-optimized -Wl,-Bdynamic -lns3-dev-wifi-optimized -Wl,-Bdynamic -lns3-dev-energy-optimized -Wl,-Bdynamic -lns3-dev-spectrum-optimized -Wl,-Bdynamic -lns3-dev-propagation-optimized -Wl,-Bdynamic -lns3-dev-antenna-optimized -Wl,-Bdynamic -lns3-dev-mobility-optimized -Wl,-Bdynamic -lns3-dev-point-to-point-optimized -Wl,-Bdynamic -lns3-dev-mpi-optimized -Wl,-Bdynamic -lns3-dev-network-optimized -Wl,-Bdynamic -lns3-dev-stats-optimized -lsqlite3 -Wl,-Bdynamic -lns3-dev-core-optimized -lrt -lpthread

yes
------------------------------------------
Checking for ns3-antenna
['/usr/bin/pkg-config', '--cflags', '--libs', 'libns3-dev-antenna-optimized']
out: -pthread -I/usr/local/include/ns3-dev -L/usr/local/lib -Wl,-Bdynamic -lns3-dev-antenna-optimized -Wl,-Bdynamic -lns3-dev-core-optimized -lrt -lpthread

yes
------------------------------------------
Checking for ns3-aodv
['/usr/bin/pkg-config', '--cflags', '--libs', 'libns3-dev-aodv-optimized']
out: -DHAVE_SQLITE3=1 -pthread -I/usr/local/include/ns3-dev -L/usr/local/lib -Wl,-Bdynamic -lns3-dev-aodv-optimized -Wl,-Bdynamic -lns3-dev-internet-optimized -Wl,-Bdynamic -lns3-dev-bridge-optimized -Wl,-Bdynamic -lns3-dev-mpi-optimized -Wl,-Bdynamic -lns3-dev-traffic-control-optimized -Wl,-Bdynamic -lns3-dev-wifi-optimized -Wl,-Bdynamic -lns3-dev-energy-optimized -Wl,-Bdynamic -lns3-dev-spectrum-optimized -Wl,-Bdynamic -lns3-dev-propagation-optimized -Wl,-Bdynamic -lns3-dev-antenna-optimized -Wl,-Bdynamic -lns3-dev-mobility-optimized -Wl,-Bdynamic -lns3-dev-network-optimized -Wl,-Bdynamic -lns3-dev-stats-optimized -lsqlite3 -Wl,-Bdynamic -lns3-dev-core-optimized -lrt -lpthread

yes
------------------------------------------
Checking for ns3-bridge
['/usr/bin/pkg-config', '--cflags', '--libs', 'libns3-dev-bridge-optimized']
out: -DHAVE_SQLITE3=1 -pthread -I/usr/local/include/ns3-dev -L/usr/local/lib -Wl,-Bdynamic -lns3-dev-bridge-optimized -Wl,-Bdynamic -lns3-dev-network-optimized -Wl,-Bdynamic -lns3-dev-stats-optimized -lsqlite3 -Wl,-Bdynamic -lns3-dev-core-optimized -lrt -lpthread

yes
------------------------------------------
Checking for ns3-brite
['/usr/bin/pkg-config', '--cflags', '--libs', 'libns3-dev-brite-optimized']
err: Package libns3-dev-brite-optimized was not found in the pkg-config search path.
Perhaps you should add the directory containing `libns3-dev-brite-optimized.pc'
to the PKG_CONFIG_PATH environment variable
No package 'libns3-dev-brite-optimized' found

not found
from /home/yin/Desktop/ndn/ndnSIM/scenario: The configuration failed
------------------------------------------
Checking for ns3-buildings
['/usr/bin/pkg-config', '--cflags', '--libs', 'libns3-dev-buildings-optimized']
out: -pthread -DHAVE_GTK2=1 -DHAVE_SQLITE3=1 -pthread -I/usr/local/include/ns3-dev -I/usr/include/gtk-2.0 -I/usr/lib/x86_64-linux-gnu/gtk-2.0/include -I/usr/include/gio-unix-2.0/ -I/usr/include/cairo -I/usr/include/pango-1.0 -I/usr/include/atk-1.0 -I/usr/include/pixman-1 -I/usr/include/libpng12 -I/usr/include/gdk-pixbuf-2.0 -I/usr/include/harfbuzz -I/usr/include/glib-2.0 -I/usr/lib/x86_64-linux-gnu/glib-2.0/include -I/usr/include/freetype2 -I/usr/local/include/ns3-dev -L/usr/local/lib -Wl,-Bdynamic -lns3-dev-buildings-optimized -Wl,-Bdynamic -lns3-dev-propagation-optimized -Wl,-Bdynamic -lns3-dev-mobility-optimized -Wl,-Bdynamic -lns3-dev-config-store-optimized -lgtk-x11-2.0 -lgdk-x11-2.0 -lpangocairo-1.0 -latk-1.0 -lcairo -lgdk_pixbuf-2.0 -lgio-2.0 -lpangoft2-1.0 -lpango-1.0 -lgobject-2.0 -lglib-2.0 -lfontconfig -lfreetype -Wl,-Bdynamic -lns3-dev-network-optimized -Wl,-Bdynamic -lns3-dev-stats-optimized -lsqlite3 -Wl,-Bdynamic -lns3-dev-core-optimized -lrt -lpthread

yes
------------------------------------------
Checking for ns3-click
['/usr/bin/pkg-config', '--cflags', '--libs', 'libns3-dev-click-optimized']
err: Package libns3-dev-click-optimized was not found in the pkg-config search path.
Perhaps you should add the directory containing `libns3-dev-click-optimized.pc'
to the PKG_CONFIG_PATH environment variable
No package 'libns3-dev-click-optimized' found

not found
from /home/yin/Desktop/ndn/ndnSIM/scenario: The configuration failed
------------------------------------------
Checking for ns3-config-store
['/usr/bin/pkg-config', '--cflags', '--libs', 'libns3-dev-config-store-optimized']
out: -pthread -DHAVE_GTK2=1 -DHAVE_SQLITE3=1 -pthread -I/usr/local/include/ns3-dev -I/usr/include/gtk-2.0 -I/usr/lib/x86_64-linux-gnu/gtk-2.0/include -I/usr/include/gio-unix-2.0/ -I/usr/include/cairo -I/usr/include/pango-1.0 -I/usr/include/atk-1.0 -I/usr/include/pixman-1 -I/usr/include/libpng12 -I/usr/include/gdk-pixbuf-2.0 -I/usr/include/harfbuzz -I/usr/include/glib-2.0 -I/usr/lib/x86_64-linux-gnu/glib-2.0/include -I/usr/include/freetype2 -I/usr/local/include/ns3-dev -L/usr/local/lib -Wl,-Bdynamic -lns3-dev-config-store-optimized -lgtk-x11-2.0 -lgdk-x11-2.0 -lpangocairo-1.0 -latk-1.0 -lcairo -lgdk_pixbuf-2.0 -lgio-2.0 -lpangoft2-1.0 -lpango-1.0 -lgobject-2.0 -lglib-2.0 -lfontconfig -lfreetype -Wl,-Bdynamic -lns3-dev-network-optimized -Wl,-Bdynamic -lns3-dev-stats-optimized -lsqlite3 -Wl,-Bdynamic -lns3-dev-core-optimized -lrt -lpthread

yes
------------------------------------------
Checking for ns3-csma
['/usr/bin/pkg-config', '--cflags', '--libs', 'libns3-dev-csma-optimized']
out: -DHAVE_SQLITE3=1 -pthread -I/usr/local/include/ns3-dev -L/usr/local/lib -Wl,-Bdynamic -lns3-dev-csma-optimized -Wl,-Bdynamic -lns3-dev-network-optimized -Wl,-Bdynamic -lns3-dev-stats-optimized -lsqlite3 -Wl,-Bdynamic -lns3-dev-core-optimized -lrt -lpthread

yes
------------------------------------------
Checking for ns3-csma-layout
['/usr/bin/pkg-config', '--cflags', '--libs', 'libns3-dev-csma-layout-optimized']
out: -DHAVE_SQLITE3=1 -pthread -I/usr/local/include/ns3-dev -L/usr/local/lib -Wl,-Bdynamic -lns3-dev-csma-layout-optimized -Wl,-Bdynamic -lns3-dev-csma-optimized -Wl,-Bdynamic -lns3-dev-internet-optimized -Wl,-Bdynamic -lns3-dev-bridge-optimized -Wl,-Bdynamic -lns3-dev-mpi-optimized -Wl,-Bdynamic -lns3-dev-traffic-control-optimized -Wl,-Bdynamic -lns3-dev-network-optimized -Wl,-Bdynamic -lns3-dev-stats-optimized -lsqlite3 -Wl,-Bdynamic -lns3-dev-core-optimized -lrt -lpthread

yes
------------------------------------------
Checking for ns3-dsdv
['/usr/bin/pkg-config', '--cflags', '--libs', 'libns3-dev-dsdv-optimized']
out: -DHAVE_SQLITE3=1 -pthread -I/usr/local/include/ns3-dev -L/usr/local/lib -Wl,-Bdynamic -lns3-dev-dsdv-optimized -Wl,-Bdynamic -lns3-dev-internet-optimized -Wl,-Bdynamic -lns3-dev-bridge-optimized -Wl,-Bdynamic -lns3-dev-mpi-optimized -Wl,-Bdynamic -lns3-dev-traffic-control-optimized -Wl,-Bdynamic -lns3-dev-network-optimized -Wl,-Bdynamic -lns3-dev-stats-optimized -lsqlite3 -Wl,-Bdynamic -lns3-dev-core-optimized -lrt -lpthread

yes
------------------------------------------
Checking for ns3-dsr
['/usr/bin/pkg-config', '--cflags', '--libs', 'libns3-dev-dsr-optimized']
out: -DHAVE_SQLITE3=1 -pthread -I/usr/local/include/ns3-dev -L/usr/local/lib -Wl,-Bdynamic -lns3-dev-dsr-optimized -Wl,-Bdynamic -lns3-dev-internet-optimized -Wl,-Bdynamic -lns3-dev-bridge-optimized -Wl,-Bdynamic -lns3-dev-mpi-optimized -Wl,-Bdynamic -lns3-dev-traffic-control-optimized -Wl,-Bdynamic -lns3-dev-wifi-optimized -Wl,-Bdynamic -lns3-dev-energy-optimized -Wl,-Bdynamic -lns3-dev-spectrum-optimized -Wl,-Bdynamic -lns3-dev-propagation-optimized -Wl,-Bdynamic -lns3-dev-antenna-optimized -Wl,-Bdynamic -lns3-dev-mobility-optimized -Wl,-Bdynamic -lns3-dev-network-optimized -Wl,-Bdynamic -lns3-dev-stats-optimized -lsqlite3 -Wl,-Bdynamic -lns3-dev-core-optimized -lrt -lpthread

yes
------------------------------------------
Checking for ns3-emu
['/usr/bin/pkg-config', '--cflags', '--libs', 'libns3-dev-emu-optimized']
err: Package libns3-dev-emu-optimized was not found in the pkg-config search path.
Perhaps you should add the directory containing `libns3-dev-emu-optimized.pc'
to the PKG_CONFIG_PATH environment variable
No package 'libns3-dev-emu-optimized' found

not found
from /home/yin/Desktop/ndn/ndnSIM/scenario: The configuration failed
------------------------------------------
Checking for ns3-energy
['/usr/bin/pkg-config', '--cflags', '--libs', 'libns3-dev-energy-optimized']
out: -DHAVE_SQLITE3=1 -pthread -I/usr/local/include/ns3-dev -L/usr/local/lib -Wl,-Bdynamic -lns3-dev-energy-optimized -Wl,-Bdynamic -lns3-dev-network-optimized -Wl,-Bdynamic -lns3-dev-stats-optimized -lsqlite3 -Wl,-Bdynamic -lns3-dev-core-optimized -lrt -lpthread

yes
------------------------------------------
Checking for ns3-fd-net-device
['/usr/bin/pkg-config', '--cflags', '--libs', 'libns3-dev-fd-net-device-optimized']
out: -DHAVE_SQLITE3=1 -pthread -I/usr/local/include/ns3-dev -L/usr/local/lib -Wl,-Bdynamic -lns3-dev-fd-net-device-optimized -Wl,-Bdynamic -lns3-dev-network-optimized -Wl,-Bdynamic -lns3-dev-stats-optimized -lsqlite3 -Wl,-Bdynamic -lns3-dev-core-optimized -lrt -lpthread

yes
------------------------------------------
Checking for ns3-flow-monitor
['/usr/bin/pkg-config', '--cflags', '--libs', 'libns3-dev-flow-monitor-optimized']
out: -pthread -DHAVE_GTK2=1 -DHAVE_SQLITE3=1 -pthread -I/usr/local/include/ns3-dev -I/usr/include/gtk-2.0 -I/usr/lib/x86_64-linux-gnu/gtk-2.0/include -I/usr/include/gio-unix-2.0/ -I/usr/include/cairo -I/usr/include/pango-1.0 -I/usr/include/atk-1.0 -I/usr/include/pixman-1 -I/usr/include/libpng12 -I/usr/include/gdk-pixbuf-2.0 -I/usr/include/harfbuzz -I/usr/include/glib-2.0 -I/usr/lib/x86_64-linux-gnu/glib-2.0/include -I/usr/include/freetype2 -I/usr/local/include/ns3-dev -L/usr/local/lib -Wl,-Bdynamic -lns3-dev-flow-monitor-optimized -Wl,-Bdynamic -lns3-dev-internet-optimized -Wl,-Bdynamic -lns3-dev-bridge-optimized -Wl,-Bdynamic -lns3-dev-mpi-optimized -Wl,-Bdynamic -lns3-dev-traffic-control-optimized -Wl,-Bdynamic -lns3-dev-config-store-optimized -lgtk-x11-2.0 -lgdk-x11-2.0 -lpangocairo-1.0 -latk-1.0 -lcairo -lgdk_pixbuf-2.0 -lgio-2.0 -lpangoft2-1.0 -lpango-1.0 -lgobject-2.0 -lglib-2.0 -lfontconfig -lfreetype -Wl,-Bdynamic -lns3-dev-network-optimized -Wl,-Bdynamic -lns3-dev-stats-optimized -lsqlite3 -Wl,-Bdynamic -lns3-dev-core-optimized -lrt -lpthread

yes
------------------------------------------
Checking for ns3-internet
['/usr/bin/pkg-config', '--cflags', '--libs', 'libns3-dev-internet-optimized']
out: -DHAVE_SQLITE3=1 -pthread -I/usr/local/include/ns3-dev -L/usr/local/lib -Wl,-Bdynamic -lns3-dev-internet-optimized -Wl,-Bdynamic -lns3-dev-bridge-optimized -Wl,-Bdynamic -lns3-dev-mpi-optimized -Wl,-Bdynamic -lns3-dev-traffic-control-optimized -Wl,-Bdynamic -lns3-dev-network-optimized -Wl,-Bdynamic -lns3-dev-stats-optimized -lsqlite3 -Wl,-Bdynamic -lns3-dev-core-optimized -lrt -lpthread

yes
------------------------------------------
Checking for ns3-lte
['/usr/bin/pkg-config', '--cflags', '--libs', 'libns3-dev-lte-optimized']
out: -pthread -DHAVE_GTK2=1 -DHAVE_SQLITE3=1 -pthread -I/usr/local/include/ns3-dev -I/usr/include/gtk-2.0 -I/usr/lib/x86_64-linux-gnu/gtk-2.0/include -I/usr/include/gio-unix-2.0/ -I/usr/include/cairo -I/usr/include/pango-1.0 -I/usr/include/atk-1.0 -I/usr/include/pixman-1 -I/usr/include/libpng12 -I/usr/include/gdk-pixbuf-2.0 -I/usr/include/harfbuzz -I/usr/include/glib-2.0 -I/usr/lib/x86_64-linux-gnu/glib-2.0/include -I/usr/include/freetype2 -I/usr/local/include/ns3-dev -L/usr/local/lib -Wl,-Bdynamic -lns3-dev-lte-optimized -Wl,-Bdynamic -lns3-dev-spectrum-optimized -Wl,-Bdynamic -lns3-dev-antenna-optimized -Wl,-Bdynamic -lns3-dev-buildings-optimized -Wl,-Bdynamic -lns3-dev-propagation-optimized -Wl,-Bdynamic -lns3-dev-mobility-optimized -Wl,-Bdynamic -lns3-dev-virtual-net-device-optimized -Wl,-Bdynamic -lns3-dev-point-to-point-optimized -Wl,-Bdynamic -lns3-dev-applications-optimized -Wl,-Bdynamic -lns3-dev-config-store-optimized -lgtk-x11-2.0 -lgdk-x11-2.0 -lpangocairo-1.0 -latk-1.0 -lcairo -lgdk_pixbuf-2.0 -lgio-2.0 -lpangoft2-1.0 -lpango-1.0 -lgobject-2.0 -lglib-2.0 -lfontconfig -lfreetype -Wl,-Bdynamic -lns3-dev-internet-optimized -Wl,-Bdynamic -lns3-dev-bridge-optimized -Wl,-Bdynamic -lns3-dev-mpi-optimized -Wl,-Bdynamic -lns3-dev-traffic-control-optimized -Wl,-Bdynamic -lns3-dev-csma-optimized -Wl,-Bdynamic -lns3-dev-fd-net-device-optimized -Wl,-Bdynamic -lns3-dev-network-optimized -Wl,-Bdynamic -lns3-dev-stats-optimized -lsqlite3 -Wl,-Bdynamic -lns3-dev-core-optimized -lrt -lpthread

yes
------------------------------------------
Checking for ns3-mesh
['/usr/bin/pkg-config', '--cflags', '--libs', 'libns3-dev-mesh-optimized']
out: -DHAVE_SQLITE3=1 -pthread -I/usr/local/include/ns3-dev -L/usr/local/lib -Wl,-Bdynamic -lns3-dev-mesh-optimized -Wl,-Bdynamic -lns3-dev-internet-optimized -Wl,-Bdynamic -lns3-dev-bridge-optimized -Wl,-Bdynamic -lns3-dev-mpi-optimized -Wl,-Bdynamic -lns3-dev-traffic-control-optimized -Wl,-Bdynamic -lns3-dev-wifi-optimized -Wl,-Bdynamic -lns3-dev-energy-optimized -Wl,-Bdynamic -lns3-dev-spectrum-optimized -Wl,-Bdynamic -lns3-dev-propagation-optimized -Wl,-Bdynamic -lns3-dev-antenna-optimized -Wl,-Bdynamic -lns3-dev-mobility-optimized -Wl,-Bdynamic -lns3-dev-network-optimized -Wl,-Bdynamic -lns3-dev-stats-optimized -lsqlite3 -Wl,-Bdynamic -lns3-dev-core-optimized -lrt -lpthread

yes
------------------------------------------
Checking for ns3-mpi
['/usr/bin/pkg-config', '--cflags', '--libs', 'libns3-dev-mpi-optimized']
out: -DHAVE_SQLITE3=1 -pthread -I/usr/local/include/ns3-dev -L/usr/local/lib -Wl,-Bdynamic -lns3-dev-mpi-optimized -Wl,-Bdynamic -lns3-dev-network-optimized -Wl,-Bdynamic -lns3-dev-stats-optimized -lsqlite3 -Wl,-Bdynamic -lns3-dev-core-optimized -lrt -lpthread

yes
------------------------------------------
Checking for ns3-netanim
['/usr/bin/pkg-config', '--cflags', '--libs', 'libns3-dev-netanim-optimized']
out: -pthread -DHAVE_GTK2=1 -DHAVE_SQLITE3=1 -pthread -I/usr/local/include/ns3-dev -I/usr/include/gtk-2.0 -I/usr/lib/x86_64-linux-gnu/gtk-2.0/include -I/usr/include/gio-unix-2.0/ -I/usr/include/cairo -I/usr/include/pango-1.0 -I/usr/include/atk-1.0 -I/usr/include/pixman-1 -I/usr/include/libpng12 -I/usr/include/gdk-pixbuf-2.0 -I/usr/include/harfbuzz -I/usr/include/glib-2.0 -I/usr/lib/x86_64-linux-gnu/glib-2.0/include -I/usr/include/freetype2 -I/usr/local/include/ns3-dev -L/usr/local/lib -Wl,-Bdynamic -lns3-dev-netanim-optimized -Wl,-Bdynamic -lns3-dev-wimax-optimized -Wl,-Bdynamic -lns3-dev-lte-optimized -Wl,-Bdynamic -lns3-dev-buildings-optimized -Wl,-Bdynamic -lns3-dev-virtual-net-device-optimized -Wl,-Bdynamic -lns3-dev-applications-optimized -Wl,-Bdynamic -lns3-dev-config-store-optimized -lgtk-x11-2.0 -lgdk-x11-2.0 -lpangocairo-1.0 -latk-1.0 -lcairo -lgdk_pixbuf-2.0 -lgio-2.0 -lpangoft2-1.0 -lpango-1.0 -lgobject-2.0 -lglib-2.0 -lfontconfig -lfreetype -Wl,-Bdynamic -lns3-dev-csma-optimized -Wl,-Bdynamic -lns3-dev-fd-net-device-optimized -Wl,-Bdynamic -lns3-dev-uan-optimized -Wl,-Bdynamic -lns3-dev-lr-wpan-optimized -Wl,-Bdynamic -lns3-dev-wave-optimized -Wl,-Bdynamic -lns3-dev-wifi-optimized -Wl,-Bdynamic -lns3-dev-energy-optimized -Wl,-Bdynamic -lns3-dev-spectrum-optimized -Wl,-Bdynamic -lns3-dev-antenna-optimized -Wl,-Bdynamic -lns3-dev-propagation-optimized -Wl,-Bdynamic -lns3-dev-point-to-point-layout-optimized -Wl,-Bdynamic -lns3-dev-internet-optimized -Wl,-Bdynamic -lns3-dev-bridge-optimized -Wl,-Bdynamic -lns3-dev-traffic-control-optimized -Wl,-Bdynamic -lns3-dev-point-to-point-optimized -Wl,-Bdynamic -lns3-dev-mpi-optimized -Wl,-Bdynamic -lns3-dev-mobility-optimized -Wl,-Bdynamic -lns3-dev-network-optimized -Wl,-Bdynamic -lns3-dev-stats-optimized -lsqlite3 -Wl,-Bdynamic -lns3-dev-core-optimized -lrt -lpthread

yes
------------------------------------------
Checking for ns3-nix-vector-routing
['/usr/bin/pkg-config', '--cflags', '--libs', 'libns3-dev-nix-vector-routing-optimized']
out: -DHAVE_SQLITE3=1 -pthread -I/usr/local/include/ns3-dev -L/usr/local/lib -Wl,-Bdynamic -lns3-dev-nix-vector-routing-optimized -Wl,-Bdynamic -lns3-dev-internet-optimized -Wl,-Bdynamic -lns3-dev-bridge-optimized -Wl,-Bdynamic -lns3-dev-mpi-optimized -Wl,-Bdynamic -lns3-dev-traffic-control-optimized -Wl,-Bdynamic -lns3-dev-network-optimized -Wl,-Bdynamic -lns3-dev-stats-optimized -lsqlite3 -Wl,-Bdynamic -lns3-dev-core-optimized -lrt -lpthread

yes
------------------------------------------
Checking for ns3-olsr
['/usr/bin/pkg-config', '--cflags', '--libs', 'libns3-dev-olsr-optimized']
out: -DHAVE_SQLITE3=1 -pthread -I/usr/local/include/ns3-dev -L/usr/local/lib -Wl,-Bdynamic -lns3-dev-olsr-optimized -Wl,-Bdynamic -lns3-dev-internet-optimized -Wl,-Bdynamic -lns3-dev-bridge-optimized -Wl,-Bdynamic -lns3-dev-mpi-optimized -Wl,-Bdynamic -lns3-dev-traffic-control-optimized -Wl,-Bdynamic -lns3-dev-network-optimized -Wl,-Bdynamic -lns3-dev-stats-optimized -lsqlite3 -Wl,-Bdynamic -lns3-dev-core-optimized -lrt -lpthread

yes
------------------------------------------
Checking for ns3-openflow
['/usr/bin/pkg-config', '--cflags', '--libs', 'libns3-dev-openflow-optimized']
err: Package libns3-dev-openflow-optimized was not found in the pkg-config search path.
Perhaps you should add the directory containing `libns3-dev-openflow-optimized.pc'
to the PKG_CONFIG_PATH environment variable
No package 'libns3-dev-openflow-optimized' found

not found
from /home/yin/Desktop/ndn/ndnSIM/scenario: The configuration failed
------------------------------------------
Checking for ns3-point-to-point-layout
['/usr/bin/pkg-config', '--cflags', '--libs', 'libns3-dev-point-to-point-layout-optimized']
out: -DHAVE_SQLITE3=1 -pthread -I/usr/local/include/ns3-dev -L/usr/local/lib -Wl,-Bdynamic -lns3-dev-point-to-point-layout-optimized -Wl,-Bdynamic -lns3-dev-internet-optimized -Wl,-Bdynamic -lns3-dev-bridge-optimized -Wl,-Bdynamic -lns3-dev-traffic-control-optimized -Wl,-Bdynamic -lns3-dev-point-to-point-optimized -Wl,-Bdynamic -lns3-dev-mpi-optimized -Wl,-Bdynamic -lns3-dev-mobility-optimized -Wl,-Bdynamic -lns3-dev-network-optimized -Wl,-Bdynamic -lns3-dev-stats-optimized -lsqlite3 -Wl,-Bdynamic -lns3-dev-core-optimized -lrt -lpthread

yes
------------------------------------------
Checking for ns3-propagation
['/usr/bin/pkg-config', '--cflags', '--libs', 'libns3-dev-propagation-optimized']
out: -DHAVE_SQLITE3=1 -pthread -I/usr/local/include/ns3-dev -L/usr/local/lib -Wl,-Bdynamic -lns3-dev-propagation-optimized -Wl,-Bdynamic -lns3-dev-mobility-optimized -Wl,-Bdynamic -lns3-dev-network-optimized -Wl,-Bdynamic -lns3-dev-stats-optimized -lsqlite3 -Wl,-Bdynamic -lns3-dev-core-optimized -lrt -lpthread

yes
------------------------------------------
Checking for ns3-spectrum
['/usr/bin/pkg-config', '--cflags', '--libs', 'libns3-dev-spectrum-optimized']
out: -DHAVE_SQLITE3=1 -pthread -I/usr/local/include/ns3-dev -L/usr/local/lib -Wl,-Bdynamic -lns3-dev-spectrum-optimized -Wl,-Bdynamic -lns3-dev-propagation-optimized -Wl,-Bdynamic -lns3-dev-mobility-optimized -Wl,-Bdynamic -lns3-dev-network-optimized -Wl,-Bdynamic -lns3-dev-stats-optimized -lsqlite3 -Wl,-Bdynamic -lns3-dev-antenna-optimized -Wl,-Bdynamic -lns3-dev-core-optimized -lrt -lpthread

yes
------------------------------------------
Checking for ns3-stats
['/usr/bin/pkg-config', '--cflags', '--libs', 'libns3-dev-stats-optimized']
out: -DHAVE_SQLITE3=1 -pthread -I/usr/local/include/ns3-dev -L/usr/local/lib -Wl,-Bdynamic -lns3-dev-stats-optimized -lsqlite3 -Wl,-Bdynamic -lns3-dev-core-optimized -lrt -lpthread

yes
------------------------------------------
Checking for ns3-tap-bridge
['/usr/bin/pkg-config', '--cflags', '--libs', 'libns3-dev-tap-bridge-optimized']
out: -DHAVE_SQLITE3=1 -pthread -I/usr/local/include/ns3-dev -L/usr/local/lib -Wl,-Bdynamic -lns3-dev-tap-bridge-optimized -Wl,-Bdynamic -lns3-dev-internet-optimized -Wl,-Bdynamic -lns3-dev-bridge-optimized -Wl,-Bdynamic -lns3-dev-mpi-optimized -Wl,-Bdynamic -lns3-dev-traffic-control-optimized -Wl,-Bdynamic -lns3-dev-network-optimized -Wl,-Bdynamic -lns3-dev-stats-optimized -lsqlite3 -Wl,-Bdynamic -lns3-dev-core-optimized -lrt -lpthread

yes
------------------------------------------
Checking for ns3-topology-read
['/usr/bin/pkg-config', '--cflags', '--libs', 'libns3-dev-topology-read-optimized']
out: -DHAVE_SQLITE3=1 -pthread -I/usr/local/include/ns3-dev -L/usr/local/lib -Wl,-Bdynamic -lns3-dev-topology-read-optimized -Wl,-Bdynamic -lns3-dev-network-optimized -Wl,-Bdynamic -lns3-dev-stats-optimized -lsqlite3 -Wl,-Bdynamic -lns3-dev-core-optimized -lrt -lpthread

yes
------------------------------------------
Checking for ns3-uan
['/usr/bin/pkg-config', '--cflags', '--libs', 'libns3-dev-uan-optimized']
out: -DHAVE_SQLITE3=1 -pthread -I/usr/local/include/ns3-dev -L/usr/local/lib -Wl,-Bdynamic -lns3-dev-uan-optimized -Wl,-Bdynamic -lns3-dev-energy-optimized -Wl,-Bdynamic -lns3-dev-mobility-optimized -Wl,-Bdynamic -lns3-dev-network-optimized -Wl,-Bdynamic -lns3-dev-stats-optimized -lsqlite3 -Wl,-Bdynamic -lns3-dev-core-optimized -lrt -lpthread

yes
------------------------------------------
Checking for ns3-virtual-net-device
['/usr/bin/pkg-config', '--cflags', '--libs', 'libns3-dev-virtual-net-device-optimized']
out: -DHAVE_SQLITE3=1 -pthread -I/usr/local/include/ns3-dev -L/usr/local/lib -Wl,-Bdynamic -lns3-dev-virtual-net-device-optimized -Wl,-Bdynamic -lns3-dev-network-optimized -Wl,-Bdynamic -lns3-dev-stats-optimized -lsqlite3 -Wl,-Bdynamic -lns3-dev-core-optimized -lrt -lpthread

yes
------------------------------------------
Checking for ns3-visualizer
['/usr/bin/pkg-config', '--cflags', '--libs', 'libns3-dev-visualizer-optimized']
out: -DHAVE_SQLITE3=1 -pthread -I/usr/local/include/ns3-dev -L/usr/local/lib -Wl,-Bdynamic -lns3-dev-visualizer-optimized -Wl,-Bdynamic -lns3-dev-internet-optimized -Wl,-Bdynamic -lns3-dev-bridge-optimized -Wl,-Bdynamic -lns3-dev-traffic-control-optimized -Wl,-Bdynamic -lns3-dev-wifi-optimized -Wl,-Bdynamic -lns3-dev-energy-optimized -Wl,-Bdynamic -lns3-dev-spectrum-optimized -Wl,-Bdynamic -lns3-dev-propagation-optimized -Wl,-Bdynamic -lns3-dev-antenna-optimized -Wl,-Bdynamic -lns3-dev-mobility-optimized -Wl,-Bdynamic -lns3-dev-point-to-point-optimized -Wl,-Bdynamic -lns3-dev-mpi-optimized -Wl,-Bdynamic -lns3-dev-network-optimized -Wl,-Bdynamic -lns3-dev-stats-optimized -lsqlite3 -Wl,-Bdynamic -lns3-dev-core-optimized -lrt -lpthread

yes
------------------------------------------
Checking for ns3-wifi
['/usr/bin/pkg-config', '--cflags', '--libs', 'libns3-dev-wifi-optimized']
out: -DHAVE_SQLITE3=1 -pthread -I/usr/local/include/ns3-dev -L/usr/local/lib -Wl,-Bdynamic -lns3-dev-wifi-optimized -Wl,-Bdynamic -lns3-dev-energy-optimized -Wl,-Bdynamic -lns3-dev-spectrum-optimized -Wl,-Bdynamic -lns3-dev-propagation-optimized -Wl,-Bdynamic -lns3-dev-antenna-optimized -Wl,-Bdynamic -lns3-dev-mobility-optimized -Wl,-Bdynamic -lns3-dev-network-optimized -Wl,-Bdynamic -lns3-dev-stats-optimized -lsqlite3 -Wl,-Bdynamic -lns3-dev-core-optimized -lrt -lpthread

yes
------------------------------------------
Checking for ns3-wimax
['/usr/bin/pkg-config', '--cflags', '--libs', 'libns3-dev-wimax-optimized']
out: -DHAVE_SQLITE3=1 -pthread -I/usr/local/include/ns3-dev -L/usr/local/lib -Wl,-Bdynamic -lns3-dev-wimax-optimized -Wl,-Bdynamic -lns3-dev-internet-optimized -Wl,-Bdynamic -lns3-dev-bridge-optimized -Wl,-Bdynamic -lns3-dev-mpi-optimized -Wl,-Bdynamic -lns3-dev-traffic-control-optimized -Wl,-Bdynamic -lns3-dev-propagation-optimized -Wl,-Bdynamic -lns3-dev-mobility-optimized -Wl,-Bdynamic -lns3-dev-network-optimized -Wl,-Bdynamic -lns3-dev-stats-optimized -lsqlite3 -Wl,-Bdynamic -lns3-dev-core-optimized -lrt -lpthread

yes
------------------------------------------
Checking supported CXXFLAGS
==>

int main(int argc, char **argv) {
	(void)argc; (void)argv;
	return 0;
}

<==
[1/2] Compiling [32mbuild/.conf_check_30e98adb135a1dc13f211957a01d4bd9/test.cpp[0m

['/usr/bin/g++', '-std=c++14', '-Werror', '-O2', '-DHAVE_NS3_CORE=1', '-DHAVE_NS3_NETWORK=1', '-DHAVE_NS3_POINT_TO_POINT=1', '-DHAVE_NS3_APPLICATIONS=1', '-DHAVE_NS3_MOBILITY=1', '-DHAVE_NS3_NDNSIM=1', '-DHAVE_NS3_ANTENNA=1', '-DHAVE_NS3_AODV=1', '-DHAVE_NS3_BRIDGE=1', '-DHAVE_NS3_BUILDINGS=1', '-DHAVE_NS3_CONFIG_STORE=1', '-DHAVE_NS3_CSMA=1', '-DHAVE_NS3_CSMA_LAYOUT=1', '-DHAVE_NS3_DSDV=1', '-DHAVE_NS3_DSR=1', '-DHAVE_NS3_ENERGY=1', '-DHAVE_NS3_FD_NET_DEVICE=1', '-DHAVE_NS3_FLOW_MONITOR=1', '-DHAVE_NS3_INTERNET=1', '-DHAVE_NS3_LTE=1', '-DHAVE_NS3_MESH=1', '-DHAVE_NS3_MPI=1', '-DHAVE_NS3_NETANIM=1', '-DHAVE_NS3_NIX_VECTOR_ROUTING=1', '-DHAVE_NS3_OLSR=1', '-DHAVE_NS3_POINT_TO_POINT_LAYOUT=1', '-DHAVE_NS3_PROPAGATION=1', '-DHAVE_NS3_SPECTRUM=1', '-DHAVE_NS3_STATS=1', '-DHAVE_NS3_TAP_BRIDGE=1', '-DHAVE_NS3_TOPOLOGY_READ=1', '-DHAVE_NS3_UAN=1', '-DHAVE_NS3_VIRTUAL_NET_DEVICE=1', '-DHAVE_NS3_VISUALIZER=1', '-DHAVE_NS3_WIFI=1', '-DHAVE_NS3_WIMAX=1', '../test.cpp', '-c', '-o/home/yin/Desktop/ndn/ndnSIM/scenario/build/.conf_check_30e98adb135a1dc13f211957a01d4bd9/testbuild/test.cpp.1.o']
[2/2] Linking [33mbuild/.conf_check_30e98adb135a1dc13f211957a01d4bd9/testbuild/testprog[0m

['/usr/bin/g++', '-fuse-ld=gold', 'test.cpp.1.o', '-o/home/yin/Desktop/ndn/ndnSIM/scenario/build/.conf_check_30e98adb135a1dc13f211957a01d4bd9/testbuild/testprog', '-Wl,-Bstatic', '-Wl,-Bdynamic', '-Wl,--no-as-needed']
==>

int main(int argc, char **argv) {
	(void)argc; (void)argv;
	return 0;
}

<==
[1/2] Compiling [32mbuild/.conf_check_74694fb188d3d3f2f97baee4537a7c23/test.cpp[0m

['/usr/bin/g++', '-std=c++14', '-Werror', '-g', '-DHAVE_NS3_CORE=1', '-DHAVE_NS3_NETWORK=1', '-DHAVE_NS3_POINT_TO_POINT=1', '-DHAVE_NS3_APPLICATIONS=1', '-DHAVE_NS3_MOBILITY=1', '-DHAVE_NS3_NDNSIM=1', '-DHAVE_NS3_ANTENNA=1', '-DHAVE_NS3_AODV=1', '-DHAVE_NS3_BRIDGE=1', '-DHAVE_NS3_BUILDINGS=1', '-DHAVE_NS3_CONFIG_STORE=1', '-DHAVE_NS3_CSMA=1', '-DHAVE_NS3_CSMA_LAYOUT=1', '-DHAVE_NS3_DSDV=1', '-DHAVE_NS3_DSR=1', '-DHAVE_NS3_ENERGY=1', '-DHAVE_NS3_FD_NET_DEVICE=1', '-DHAVE_NS3_FLOW_MONITOR=1', '-DHAVE_NS3_INTERNET=1', '-DHAVE_NS3_LTE=1', '-DHAVE_NS3_MESH=1', '-DHAVE_NS3_MPI=1', '-DHAVE_NS3_NETANIM=1', '-DHAVE_NS3_NIX_VECTOR_ROUTING=1', '-DHAVE_NS3_OLSR=1', '-DHAVE_NS3_POINT_TO_POINT_LAYOUT=1', '-DHAVE_NS3_PROPAGATION=1', '-DHAVE_NS3_SPECTRUM=1', '-DHAVE_NS3_STATS=1', '-DHAVE_NS3_TAP_BRIDGE=1', '-DHAVE_NS3_TOPOLOGY_READ=1', '-DHAVE_NS3_UAN=1', '-DHAVE_NS3_VIRTUAL_NET_DEVICE=1', '-DHAVE_NS3_VISUALIZER=1', '-DHAVE_NS3_WIFI=1', '-DHAVE_NS3_WIMAX=1', '../test.cpp', '-c', '-o/home/yin/Desktop/ndn/ndnSIM/scenario/build/.conf_check_74694fb188d3d3f2f97baee4537a7c23/testbuild/test.cpp.1.o']
[2/2] Linking [33mbuild/.conf_check_74694fb188d3d3f2f97baee4537a7c23/testbuild/testprog[0m

['/usr/bin/g++', '-fuse-ld=gold', 'test.cpp.1.o', '-o/home/yin/Desktop/ndn/ndnSIM/scenario/build/.conf_check_74694fb188d3d3f2f97baee4537a7c23/testbuild/testprog', '-Wl,-Bstatic', '-Wl,-Bdynamic', '-Wl,--no-as-needed']
==>

int main(int argc, char **argv) {
	(void)argc; (void)argv;
	return 0;
}

<==
[1/2] Compiling [32mbuild/.conf_check_82b3615a9ebdc78ec1fa593493b0a0a9/test.cpp[0m

['/usr/bin/g++', '-std=c++14', '-Werror', '-pedantic', '-DHAVE_NS3_CORE=1', '-DHAVE_NS3_NETWORK=1', '-DHAVE_NS3_POINT_TO_POINT=1', '-DHAVE_NS3_APPLICATIONS=1', '-DHAVE_NS3_MOBILITY=1', '-DHAVE_NS3_NDNSIM=1', '-DHAVE_NS3_ANTENNA=1', '-DHAVE_NS3_AODV=1', '-DHAVE_NS3_BRIDGE=1', '-DHAVE_NS3_BUILDINGS=1', '-DHAVE_NS3_CONFIG_STORE=1', '-DHAVE_NS3_CSMA=1', '-DHAVE_NS3_CSMA_LAYOUT=1', '-DHAVE_NS3_DSDV=1', '-DHAVE_NS3_DSR=1', '-DHAVE_NS3_ENERGY=1', '-DHAVE_NS3_FD_NET_DEVICE=1', '-DHAVE_NS3_FLOW_MONITOR=1', '-DHAVE_NS3_INTERNET=1', '-DHAVE_NS3_LTE=1', '-DHAVE_NS3_MESH=1', '-DHAVE_NS3_MPI=1', '-DHAVE_NS3_NETANIM=1', '-DHAVE_NS3_NIX_VECTOR_ROUTING=1', '-DHAVE_NS3_OLSR=1', '-DHAVE_NS3_POINT_TO_POINT_LAYOUT=1', '-DHAVE_NS3_PROPAGATION=1', '-DHAVE_NS3_SPECTRUM=1', '-DHAVE_NS3_STATS=1', '-DHAVE_NS3_TAP_BRIDGE=1', '-DHAVE_NS3_TOPOLOGY_READ=1', '-DHAVE_NS3_UAN=1', '-DHAVE_NS3_VIRTUAL_NET_DEVICE=1', '-DHAVE_NS3_VISUALIZER=1', '-DHAVE_NS3_WIFI=1', '-DHAVE_NS3_WIMAX=1', '../test.cpp', '-c', '-o/home/yin/Desktop/ndn/ndnSIM/scenario/build/.conf_check_82b3615a9ebdc78ec1fa593493b0a0a9/testbuild/test.cpp.1.o']
[2/2] Linking [33mbuild/.conf_check_82b3615a9ebdc78ec1fa593493b0a0a9/testbuild/testprog[0m

['/usr/bin/g++', '-fuse-ld=gold', 'test.cpp.1.o', '-o/home/yin/Desktop/ndn/ndnSIM/scenario/build/.conf_check_82b3615a9ebdc78ec1fa593493b0a0a9/testbuild/testprog', '-Wl,-Bstatic', '-Wl,-Bdynamic', '-Wl,--no-as-needed']
==>

int main(int argc, char **argv) {
	(void)argc; (void)argv;
	return 0;
}

<==
[1/2] Compiling [32mbuild/.conf_check_95d8ff05076b84a9e93c193573e9a9ae/test.cpp[0m

['/usr/bin/g++', '-std=c++14', '-Werror', '-Wall', '-DHAVE_NS3_CORE=1', '-DHAVE_NS3_NETWORK=1', '-DHAVE_NS3_POINT_TO_POINT=1', '-DHAVE_NS3_APPLICATIONS=1', '-DHAVE_NS3_MOBILITY=1', '-DHAVE_NS3_NDNSIM=1', '-DHAVE_NS3_ANTENNA=1', '-DHAVE_NS3_AODV=1', '-DHAVE_NS3_BRIDGE=1', '-DHAVE_NS3_BUILDINGS=1', '-DHAVE_NS3_CONFIG_STORE=1', '-DHAVE_NS3_CSMA=1', '-DHAVE_NS3_CSMA_LAYOUT=1', '-DHAVE_NS3_DSDV=1', '-DHAVE_NS3_DSR=1', '-DHAVE_NS3_ENERGY=1', '-DHAVE_NS3_FD_NET_DEVICE=1', '-DHAVE_NS3_FLOW_MONITOR=1', '-DHAVE_NS3_INTERNET=1', '-DHAVE_NS3_LTE=1', '-DHAVE_NS3_MESH=1', '-DHAVE_NS3_MPI=1', '-DHAVE_NS3_NETANIM=1', '-DHAVE_NS3_NIX_VECTOR_ROUTING=1', '-DHAVE_NS3_OLSR=1', '-DHAVE_NS3_POINT_TO_POINT_LAYOUT=1', '-DHAVE_NS3_PROPAGATION=1', '-DHAVE_NS3_SPECTRUM=1', '-DHAVE_NS3_STATS=1', '-DHAVE_NS3_TAP_BRIDGE=1', '-DHAVE_NS3_TOPOLOGY_READ=1', '-DHAVE_NS3_UAN=1', '-DHAVE_NS3_VIRTUAL_NET_DEVICE=1', '-DHAVE_NS3_VISUALIZER=1', '-DHAVE_NS3_WIFI=1', '-DHAVE_NS3_WIMAX=1', '../test.cpp', '-c', '-o/home/yin/Desktop/ndn/ndnSIM/scenario/build/.conf_check_95d8ff05076b84a9e93c193573e9a9ae/testbuild/test.cpp.1.o']
[2/2] Linking [33mbuild/.conf_check_95d8ff05076b84a9e93c193573e9a9ae/testbuild/testprog[0m

['/usr/bin/g++', '-fuse-ld=gold', 'test.cpp.1.o', '-o/home/yin/Desktop/ndn/ndnSIM/scenario/build/.conf_check_95d8ff05076b84a9e93c193573e9a9ae/testbuild/testprog', '-Wl,-Bstatic', '-Wl,-Bdynamic', '-Wl,--no-as-needed']
==>

int main(int argc, char **argv) {
	(void)argc; (void)argv;
	return 0;
}

<==
[1/2] Compiling [32mbuild/.conf_check_10c4b202f8593be160f24fb3b5ecfa5d/test.cpp[0m

['/usr/bin/g++', '-std=c++14', '-Werror', '-Wextra', '-DHAVE_NS3_CORE=1', '-DHAVE_NS3_NETWORK=1', '-DHAVE_NS3_POINT_TO_POINT=1', '-DHAVE_NS3_APPLICATIONS=1', '-DHAVE_NS3_MOBILITY=1', '-DHAVE_NS3_NDNSIM=1', '-DHAVE_NS3_ANTENNA=1', '-DHAVE_NS3_AODV=1', '-DHAVE_NS3_BRIDGE=1', '-DHAVE_NS3_BUILDINGS=1', '-DHAVE_NS3_CONFIG_STORE=1', '-DHAVE_NS3_CSMA=1', '-DHAVE_NS3_CSMA_LAYOUT=1', '-DHAVE_NS3_DSDV=1', '-DHAVE_NS3_DSR=1', '-DHAVE_NS3_ENERGY=1', '-DHAVE_NS3_FD_NET_DEVICE=1', '-DHAVE_NS3_FLOW_MONITOR=1', '-DHAVE_NS3_INTERNET=1', '-DHAVE_NS3_LTE=1', '-DHAVE_NS3_MESH=1', '-DHAVE_NS3_MPI=1', '-DHAVE_NS3_NETANIM=1', '-DHAVE_NS3_NIX_VECTOR_ROUTING=1', '-DHAVE_NS3_OLSR=1', '-DHAVE_NS3_POINT_TO_POINT_LAYOUT=1', '-DHAVE_NS3_PROPAGATION=1', '-DHAVE_NS3_SPECTRUM=1', '-DHAVE_NS3_STATS=1', '-DHAVE_NS3_TAP_BRIDGE=1', '-DHAVE_NS3_TOPOLOGY_READ=1', '-DHAVE_NS3_UAN=1', '-DHAVE_NS3_VIRTUAL_NET_DEVICE=1', '-DHAVE_NS3_VISUALIZER=1', '-DHAVE_NS3_WIFI=1', '-DHAVE_NS3_WIMAX=1', '../test.cpp', '-c', '-o/home/yin/Desktop/ndn/ndnSIM/scenario/build/.conf_check_10c4b202f8593be160f24fb3b5ecfa5d/testbuild/test.cpp.1.o']
[2/2] Linking [33mbuild/.conf_check_10c4b202f8593be160f24fb3b5ecfa5d/testbuild/testprog[0m

['/usr/bin/g++', '-fuse-ld=gold', 'test.cpp.1.o', '-o/home/yin/Desktop/ndn/ndnSIM/scenario/build/.conf_check_10c4b202f8593be160f24fb3b5ecfa5d/testbuild/testprog', '-Wl,-Bstatic', '-Wl,-Bdynamic', '-Wl,--no-as-needed']
==>

int main(int argc, char **argv) {
	(void)argc; (void)argv;
	return 0;
}

<==
[1/2] Compiling [32mbuild/.conf_check_dd106316280ebdf9d75bf5b1c43f6cc2/test.cpp[0m

['/usr/bin/g++', '-std=c++14', '-Werror', '-Wnon-virtual-dtor', '-DHAVE_NS3_CORE=1', '-DHAVE_NS3_NETWORK=1', '-DHAVE_NS3_POINT_TO_POINT=1', '-DHAVE_NS3_APPLICATIONS=1', '-DHAVE_NS3_MOBILITY=1', '-DHAVE_NS3_NDNSIM=1', '-DHAVE_NS3_ANTENNA=1', '-DHAVE_NS3_AODV=1', '-DHAVE_NS3_BRIDGE=1', '-DHAVE_NS3_BUILDINGS=1', '-DHAVE_NS3_CONFIG_STORE=1', '-DHAVE_NS3_CSMA=1', '-DHAVE_NS3_CSMA_LAYOUT=1', '-DHAVE_NS3_DSDV=1', '-DHAVE_NS3_DSR=1', '-DHAVE_NS3_ENERGY=1', '-DHAVE_NS3_FD_NET_DEVICE=1', '-DHAVE_NS3_FLOW_MONITOR=1', '-DHAVE_NS3_INTERNET=1', '-DHAVE_NS3_LTE=1', '-DHAVE_NS3_MESH=1', '-DHAVE_NS3_MPI=1', '-DHAVE_NS3_NETANIM=1', '-DHAVE_NS3_NIX_VECTOR_ROUTING=1', '-DHAVE_NS3_OLSR=1', '-DHAVE_NS3_POINT_TO_POINT_LAYOUT=1', '-DHAVE_NS3_PROPAGATION=1', '-DHAVE_NS3_SPECTRUM=1', '-DHAVE_NS3_STATS=1', '-DHAVE_NS3_TAP_BRIDGE=1', '-DHAVE_NS3_TOPOLOGY_READ=1', '-DHAVE_NS3_UAN=1', '-DHAVE_NS3_VIRTUAL_NET_DEVICE=1', '-DHAVE_NS3_VISUALIZER=1', '-DHAVE_NS3_WIFI=1', '-DHAVE_NS3_WIMAX=1', '../test.cpp', '-c', '-o/home/yin/Desktop/ndn/ndnSIM/scenario/build/.conf_check_dd106316280ebdf9d75bf5b1c43f6cc2/testbuild/test.cpp.1.o']
[2/2] Linking [33mbuild/.conf_check_dd106316280ebdf9d75bf5b1c43f6cc2/testbuild/testprog[0m

['/usr/bin/g++', '-fuse-ld=gold', 'test.cpp.1.o', '-o/home/yin/Desktop/ndn/ndnSIM/scenario/build/.conf_check_dd106316280ebdf9d75bf5b1c43f6cc2/testbuild/testprog', '-Wl,-Bstatic', '-Wl,-Bdynamic', '-Wl,--no-as-needed']
==>

int main(int argc, char **argv) {
	(void)argc; (void)argv;
	return 0;
}

<==
[1/2] Compiling [32mbuild/.conf_check_69e332ada9ad05c52bac10145e9f9da9/test.cpp[0m

['/usr/bin/g++', '-std=c++14', '-Werror', '-Wno-unused-parameter', '-DHAVE_NS3_CORE=1', '-DHAVE_NS3_NETWORK=1', '-DHAVE_NS3_POINT_TO_POINT=1', '-DHAVE_NS3_APPLICATIONS=1', '-DHAVE_NS3_MOBILITY=1', '-DHAVE_NS3_NDNSIM=1', '-DHAVE_NS3_ANTENNA=1', '-DHAVE_NS3_AODV=1', '-DHAVE_NS3_BRIDGE=1', '-DHAVE_NS3_BUILDINGS=1', '-DHAVE_NS3_CONFIG_STORE=1', '-DHAVE_NS3_CSMA=1', '-DHAVE_NS3_CSMA_LAYOUT=1', '-DHAVE_NS3_DSDV=1', '-DHAVE_NS3_DSR=1', '-DHAVE_NS3_ENERGY=1', '-DHAVE_NS3_FD_NET_DEVICE=1', '-DHAVE_NS3_FLOW_MONITOR=1', '-DHAVE_NS3_INTERNET=1', '-DHAVE_NS3_LTE=1', '-DHAVE_NS3_MESH=1', '-DHAVE_NS3_MPI=1', '-DHAVE_NS3_NETANIM=1', '-DHAVE_NS3_NIX_VECTOR_ROUTING=1', '-DHAVE_NS3_OLSR=1', '-DHAVE_NS3_POINT_TO_POINT_LAYOUT=1', '-DHAVE_NS3_PROPAGATION=1', '-DHAVE_NS3_SPECTRUM=1', '-DHAVE_NS3_STATS=1', '-DHAVE_NS3_TAP_BRIDGE=1', '-DHAVE_NS3_TOPOLOGY_READ=1', '-DHAVE_NS3_UAN=1', '-DHAVE_NS3_VIRTUAL_NET_DEVICE=1', '-DHAVE_NS3_VISUALIZER=1', '-DHAVE_NS3_WIFI=1', '-DHAVE_NS3_WIMAX=1', '../test.cpp', '-c', '-o/home/yin/Desktop/ndn/ndnSIM/scenario/build/.conf_check_69e332ada9ad05c52bac10145e9f9da9/testbuild/test.cpp.1.o']
[2/2] Linking [33mbuild/.conf_check_69e332ada9ad05c52bac10145e9f9da9/testbuild/testprog[0m

['/usr/bin/g++', '-fuse-ld=gold', 'test.cpp.1.o', '-o/home/yin/Desktop/ndn/ndnSIM/scenario/build/.conf_check_69e332ada9ad05c52bac10145e9f9da9/testbuild/testprog', '-Wl,-Bstatic', '-Wl,-Bdynamic', '-Wl,--no-as-needed']
==>

int main(int argc, char **argv) {
	(void)argc; (void)argv;
	return 0;
}

<==
[1/2] Compiling [32mbuild/.conf_check_84a5d9d46383b0171e2d098f26e2323e/test.cpp[0m

['/usr/bin/g++', '-std=c++14', '-Werror', '-fdiagnostics-color', '-DHAVE_NS3_CORE=1', '-DHAVE_NS3_NETWORK=1', '-DHAVE_NS3_POINT_TO_POINT=1', '-DHAVE_NS3_APPLICATIONS=1', '-DHAVE_NS3_MOBILITY=1', '-DHAVE_NS3_NDNSIM=1', '-DHAVE_NS3_ANTENNA=1', '-DHAVE_NS3_AODV=1', '-DHAVE_NS3_BRIDGE=1', '-DHAVE_NS3_BUILDINGS=1', '-DHAVE_NS3_CONFIG_STORE=1', '-DHAVE_NS3_CSMA=1', '-DHAVE_NS3_CSMA_LAYOUT=1', '-DHAVE_NS3_DSDV=1', '-DHAVE_NS3_DSR=1', '-DHAVE_NS3_ENERGY=1', '-DHAVE_NS3_FD_NET_DEVICE=1', '-DHAVE_NS3_FLOW_MONITOR=1', '-DHAVE_NS3_INTERNET=1', '-DHAVE_NS3_LTE=1', '-DHAVE_NS3_MESH=1', '-DHAVE_NS3_MPI=1', '-DHAVE_NS3_NETANIM=1', '-DHAVE_NS3_NIX_VECTOR_ROUTING=1', '-DHAVE_NS3_OLSR=1', '-DHAVE_NS3_POINT_TO_POINT_LAYOUT=1', '-DHAVE_NS3_PROPAGATION=1', '-DHAVE_NS3_SPECTRUM=1', '-DHAVE_NS3_STATS=1', '-DHAVE_NS3_TAP_BRIDGE=1', '-DHAVE_NS3_TOPOLOGY_READ=1', '-DHAVE_NS3_UAN=1', '-DHAVE_NS3_VIRTUAL_NET_DEVICE=1', '-DHAVE_NS3_VISUALIZER=1', '-DHAVE_NS3_WIFI=1', '-DHAVE_NS3_WIMAX=1', '../test.cpp', '-c', '-o/home/yin/Desktop/ndn/ndnSIM/scenario/build/.conf_check_84a5d9d46383b0171e2d098f26e2323e/testbuild/test.cpp.1.o']
[2/2] Linking [33mbuild/.conf_check_84a5d9d46383b0171e2d098f26e2323e/testbuild/testprog[0m

['/usr/bin/g++', '-fuse-ld=gold', 'test.cpp.1.o', '-o/home/yin/Desktop/ndn/ndnSIM/scenario/build/.conf_check_84a5d9d46383b0171e2d098f26e2323e/testbuild/testprog', '-Wl,-Bstatic', '-Wl,-Bdynamic', '-Wl,--no-as-needed']
-O2 -g -pedantic -Wall -Wextra -Wnon-virtual-dtor -Wno-unused-parameter -fdiagnostics-color
------------------------------------------
Checking supported LINKFLAGS
==>

int main(int argc, char **argv) {
	(void)argc; (void)argv;
	return 0;
}

<==
[1/2] Compiling [32mbuild/.conf_check_be34da19a9a73d91cc70e1d1abfb5518/test.cpp[0m

['/usr/bin/g++', '-O2', '-g', '-pedantic', '-Wall', '-Wextra', '-Wnon-virtual-dtor', '-Wno-unused-parameter', '-fdiagnostics-color', '-std=c++14', '-DHAVE_NS3_CORE=1', '-DHAVE_NS3_NETWORK=1', '-DHAVE_NS3_POINT_TO_POINT=1', '-DHAVE_NS3_APPLICATIONS=1', '-DHAVE_NS3_MOBILITY=1', '-DHAVE_NS3_NDNSIM=1', '-DHAVE_NS3_ANTENNA=1', '-DHAVE_NS3_AODV=1', '-DHAVE_NS3_BRIDGE=1', '-DHAVE_NS3_BUILDINGS=1', '-DHAVE_NS3_CONFIG_STORE=1', '-DHAVE_NS3_CSMA=1', '-DHAVE_NS3_CSMA_LAYOUT=1', '-DHAVE_NS3_DSDV=1', '-DHAVE_NS3_DSR=1', '-DHAVE_NS3_ENERGY=1', '-DHAVE_NS3_FD_NET_DEVICE=1', '-DHAVE_NS3_FLOW_MONITOR=1', '-DHAVE_NS3_INTERNET=1', '-DHAVE_NS3_LTE=1', '-DHAVE_NS3_MESH=1', '-DHAVE_NS3_MPI=1', '-DHAVE_NS3_NETANIM=1', '-DHAVE_NS3_NIX_VECTOR_ROUTING=1', '-DHAVE_NS3_OLSR=1', '-DHAVE_NS3_POINT_TO_POINT_LAYOUT=1', '-DHAVE_NS3_PROPAGATION=1', '-DHAVE_NS3_SPECTRUM=1', '-DHAVE_NS3_STATS=1', '-DHAVE_NS3_TAP_BRIDGE=1', '-DHAVE_NS3_TOPOLOGY_READ=1', '-DHAVE_NS3_UAN=1', '-DHAVE_NS3_VIRTUAL_NET_DEVICE=1', '-DHAVE_NS3_VISUALIZER=1', '-DHAVE_NS3_WIFI=1', '-DHAVE_NS3_WIMAX=1', '../test.cpp', '-c', '-o/home/yin/Desktop/ndn/ndnSIM/scenario/build/.conf_check_be34da19a9a73d91cc70e1d1abfb5518/testbuild/test.cpp.1.o']
[2/2] Linking [33mbuild/.conf_check_be34da19a9a73d91cc70e1d1abfb5518/testbuild/testprog[0m

['/usr/bin/g++', '-fuse-ld=gold', '-Werror', '-Wl,-O1', 'test.cpp.1.o', '-o/home/yin/Desktop/ndn/ndnSIM/scenario/build/.conf_check_be34da19a9a73d91cc70e1d1abfb5518/testbuild/testprog', '-Wl,-Bstatic', '-Wl,-Bdynamic', '-Wl,--no-as-needed']
-Wl,-O1
